# JRE version: Java(TM) SE Runtime Environment (22.0.1+8) (build 22.0.1+8-16)
# Java VM: Java HotSpot(TM) 64-Bit Server VM (22.0.1+8-16, mixed mode, emulated-client, sharing, tiered, compressed oops, compressed class ptrs, g1 gc, windows-amd64)
GC Precious Log:
 CardTable entry size: 512
 Card Set container configuration: InlinePtr #cards 5 size 8 Array Of Cards #cards 12 size 40 Howl #buckets 4 coarsen threshold 1843 Howl Bitmap #cards 512 size 80 coarsen threshold 460 Card regions per heap region 1 cards per card region 2048
 CPUs: 8 total, 8 available
 Memory: 8101M
 Large Page Support: Disabled
 NUMA Support: Disabled
 Compressed Oops: Enabled (32-bit)
 Heap Region Size: 1M
 Heap Min Capacity: 8M
 Heap Initial Capacity: 128M
 Heap Max Capacity: 2026M
 Pre-touch: Disabled
 Parallel Workers: 8
 Concurrent Workers: 2
 Concurrent Refinement Workers: 8
 Periodic GC: Disabled
Heap:
 garbage-first heap   total reserved 2074624K, committed 109568K, used 52238K [0x0000000081600000, 0x0000000100000000)
  region size 1024K, 17 young (17408K), 3 survivors (3072K)
 Metaspace       used 64169K, committed 65472K, reserved 1114112K
  class space    used 8164K, committed 8768K, reserved 1048576K
GC Heap History (20 events):
Event: 27614.883 GC heap after
{Heap after GC invocations=127 (full 30):
 garbage-first heap   total reserved 2074624K, committed 115712K, used 38596K [0x0000000081600000, 0x0000000100000000)
  region size 1024K, 6 young (6144K), 6 survivors (6144K)
 Metaspace       used 62206K, committed 63424K, reserved 1114112K
  class space    used 7993K, committed 8576K, reserved 1048576K
}
Event: 27616.782 GC heap before
{Heap before GC invocations=127 (full 30):
 garbage-first heap   total reserved 2074624K, committed 115712K, used 96964K [0x0000000081600000, 0x0000000100000000)
  region size 1024K, 64 young (65536K), 6 survivors (6144K)
 Metaspace       used 62510K, committed 63808K, reserved 1114112K
  class space    used 8023K, committed 8640K, reserved 1048576K
}
Event: 27616.787 GC heap after
{Heap after GC invocations=128 (full 30):
 garbage-first heap   total reserved 2074624K, committed 115712K, used 38752K [0x0000000081600000, 0x0000000100000000)
  region size 1024K, 5 young (5120K), 5 survivors (5120K)
 Metaspace       used 62510K, committed 63808K, reserved 1114112K
  class space    used 8023K, committed 8640K, reserved 1048576K
}
Event: 27617.107 GC heap before
{Heap before GC invocations=128 (full 30):
 garbage-first heap   total reserved 2074624K, committed 115712K, used 99168K [0x0000000081600000, 0x0000000100000000)
  region size 1024K, 64 young (65536K), 5 survivors (5120K)
 Metaspace       used 62949K, committed 64192K, reserved 1114112K
  class space    used 8048K, committed 8640K, reserved 1048576K
}
Event: 27617.111 GC heap after
{Heap after GC invocations=129 (full 30):
 garbage-first heap   total reserved 2074624K, committed 115712K, used 40296K [0x0000000081600000, 0x0000000100000000)
  region size 1024K, 6 young (6144K), 6 survivors (6144K)
 Metaspace       used 62949K, committed 64192K, reserved 1114112K
  class space    used 8048K, committed 8640K, reserved 1048576K
}
Event: 27677.894 GC heap before
{Heap before GC invocations=129 (full 30):
 garbage-first heap   total reserved 2074624K, committed 115712K, used 86376K [0x0000000081600000, 0x0000000100000000)
  region size 1024K, 52 young (53248K), 6 survivors (6144K)
 Metaspace       used 62952K, committed 64256K, reserved 1114112K
  class space    used 8048K, committed 8640K, reserved 1048576K
}
Event: 27677.949 GC heap after
{Heap after GC invocations=130 (full 31):
 garbage-first heap   total reserved 2074624K, committed 115712K, used 34234K [0x0000000081600000, 0x0000000100000000)
  region size 1024K, 0 young (0K), 0 survivors (0K)
 Metaspace       used 62770K, committed 64256K, reserved 1114112K
  class space    used 8000K, committed 8640K, reserved 1048576K
}
Event: 27678.389 GC heap before
{Heap before GC invocations=130 (full 31):
 garbage-first heap   total reserved 2074624K, committed 115712K, used 100794K [0x0000000081600000, 0x0000000100000000)
  region size 1024K, 66 young (67584K), 0 survivors (0K)
 Metaspace       used 63044K, committed 64320K, reserved 1114112K
  class space    used 8032K, committed 8640K, reserved 1048576K
}
Event: 27678.393 GC heap after
{Heap after GC invocations=131 (full 31):
 garbage-first heap   total reserved 2074624K, committed 115712K, used 38986K [0x0000000081600000, 0x0000000100000000)
  region size 1024K, 5 young (5120K), 5 survivors (5120K)
 Metaspace       used 63044K, committed 64320K, reserved 1114112K
  class space    used 8032K, committed 8640K, reserved 1048576K
}
Event: 27681.018 GC heap before
{Heap before GC invocations=131 (full 31):
 garbage-first heap   total reserved 2074624K, committed 115712K, used 99402K [0x0000000081600000, 0x0000000100000000)
  region size 1024K, 64 young (65536K), 5 survivors (5120K)
 Metaspace       used 63334K, committed 64576K, reserved 1114112K
  class space    used 8046K, committed 8640K, reserved 1048576K
}
Event: 27681.022 GC heap after
{Heap after GC invocations=132 (full 31):
 garbage-first heap   total reserved 2074624K, committed 115712K, used 39364K [0x0000000081600000, 0x0000000100000000)
  region size 1024K, 2 young (2048K), 2 survivors (2048K)
 Metaspace       used 63334K, committed 64576K, reserved 1114112K
  class space    used 8046K, committed 8640K, reserved 1048576K
}
Event: 27819.161 GC heap before
{Heap before GC invocations=132 (full 31):
 garbage-first heap   total reserved 2074624K, committed 115712K, used 101828K [0x0000000081600000, 0x0000000100000000)
  region size 1024K, 63 young (64512K), 2 survivors (2048K)
 Metaspace       used 63334K, committed 64576K, reserved 1114112K
  class space    used 8046K, committed 8640K, reserved 1048576K
}
Event: 27819.164 GC heap after
{Heap after GC invocations=133 (full 31):
 garbage-first heap   total reserved 2074624K, committed 115712K, used 39229K [0x0000000081600000, 0x0000000100000000)
  region size 1024K, 2 young (2048K), 2 survivors (2048K)
 Metaspace       used 63334K, committed 64576K, reserved 1114112K
  class space    used 8046K, committed 8640K, reserved 1048576K
}
Event: 27853.512 GC heap before
{Heap before GC invocations=133 (full 31):
 garbage-first heap   total reserved 2074624K, committed 115712K, used 55613K [0x0000000081600000, 0x0000000100000000)
  region size 1024K, 19 young (19456K), 2 survivors (2048K)
 Metaspace       used 63337K, committed 64576K, reserved 1114112K
  class space    used 8047K, committed 8640K, reserved 1048576K
}
Event: 27853.616 GC heap after
{Heap after GC invocations=134 (full 32):
 garbage-first heap   total reserved 2074624K, committed 109568K, used 30661K [0x0000000081600000, 0x0000000100000000)
  region size 1024K, 0 young (0K), 0 survivors (0K)
 Metaspace       used 63299K, committed 64576K, reserved 1114112K
  class space    used 8037K, committed 8640K, reserved 1048576K
}
Event: 27856.038 GC heap before
{Heap before GC invocations=134 (full 32):
 garbage-first heap   total reserved 2074624K, committed 109568K, used 95173K [0x0000000081600000, 0x0000000100000000)
  region size 1024K, 64 young (65536K), 0 survivors (0K)
 Metaspace       used 63595K, committed 64832K, reserved 1114112K
  class space    used 8097K, committed 8704K, reserved 1048576K
}
Event: 27856.045 GC heap after
{Heap after GC invocations=135 (full 32):
 garbage-first heap   total reserved 2074624K, committed 109568K, used 36124K [0x0000000081600000, 0x0000000100000000)
  region size 1024K, 6 young (6144K), 6 survivors (6144K)
 Metaspace       used 63595K, committed 64832K, reserved 1114112K
  class space    used 8097K, committed 8704K, reserved 1048576K
}
Event: 27856.878 GC heap before
{Heap before GC invocations=135 (full 32):
 garbage-first heap   total reserved 2074624K, committed 109568K, used 94492K [0x0000000081600000, 0x0000000100000000)
  region size 1024K, 63 young (64512K), 6 survivors (6144K)
 Metaspace       used 64068K, committed 65408K, reserved 1114112K
  class space    used 8138K, committed 8768K, reserved 1048576K
}
Event: 27856.887 GC heap after
{Heap after GC invocations=136 (full 32):
 garbage-first heap   total reserved 2074624K, committed 109568K, used 38926K [0x0000000081600000, 0x0000000100000000)
  region size 1024K, 3 young (3072K), 3 survivors (3072K)
 Metaspace       used 64068K, committed 65408K, reserved 1114112K
  class space    used 8138K, committed 8768K, reserved 1048576K
}
Event: 27861.562 GC heap before
{Heap before GC invocations=136 (full 32):
 garbage-first heap   total reserved 2074624K, committed 109568K, used 52238K [0x0000000081600000, 0x0000000100000000)
  region size 1024K, 17 young (17408K), 3 survivors (3072K)
 Metaspace       used 64169K, committed 65472K, reserved 1114112K
  class space    used 8164K, committed 8768K, reserved 1048576K
}

